TN:
SF:C:\Users\Jose David\Desktop\programacion\PLATZI\advancedNode\platziverse\platziverse-db\index.js
FN:8,(anonymous_0)
FNF:1
FNH:1
FNDA:2,(anonymous_0)
DA:3,2
DA:4,2
DA:5,2
DA:6,2
DA:8,2
DA:9,2
DA:21,2
DA:22,2
DA:23,2
DA:25,2
DA:26,2
DA:28,2
DA:30,2
DA:31,0
DA:34,2
DA:35,2
DA:37,2
LF:17
LH:16
BRDA:30,0,0,0
BRDA:30,0,1,2
BRF:2
BRH:1
end_of_record
TN:
SF:C:\Users\Jose David\Desktop\programacion\PLATZI\advancedNode\platziverse\platziverse-db\lib\db.js
FN:7,setupDatabase
FNF:1
FNH:1
FNDA:2,setupDatabase
DA:4,1
DA:5,1
DA:7,1
DA:8,2
DA:9,1
DA:11,2
LF:6
LH:6
BRDA:8,0,0,1
BRDA:8,0,1,1
BRF:2
BRH:2
end_of_record
TN:
SF:C:\Users\Jose David\Desktop\programacion\PLATZI\advancedNode\platziverse\platziverse-db\models\agent.js
FN:6,setupAgentModel
FNF:1
FNH:0
FNDA:0,setupAgentModel
DA:3,1
DA:4,1
DA:6,1
DA:7,0
DA:9,0
LF:5
LH:3
BRF:0
BRH:0
end_of_record
TN:
SF:C:\Users\Jose David\Desktop\programacion\PLATZI\advancedNode\platziverse\platziverse-db\models\metric.js
FN:6,setupMetricModel
FNF:1
FNH:0
FNDA:0,setupMetricModel
DA:3,1
DA:4,1
DA:6,1
DA:7,0
DA:9,0
LF:5
LH:3
BRF:0
BRH:0
end_of_record
TN:
SF:C:\Users\Jose David\Desktop\programacion\PLATZI\advancedNode\platziverse\platziverse-db\tests\agent-tests.js
FN:4,(anonymous_0)
FN:4,PowerAssertRecorder
FN:4,_capt
FN:4,_expr
FN:13,(anonymous_4)
FN:21,(anonymous_5)
FN:27,(anonymous_6)
FN:28,(anonymous_7)
FN:32,(anonymous_8)
FN:35,(anonymous_9)
FN:47,(anonymous_10)
FNF:11
FNH:11
FNDA:1,(anonymous_0)
FNDA:5,PowerAssertRecorder
FNDA:16,_capt
FNDA:5,_expr
FNDA:2,(anonymous_4)
FNDA:2,(anonymous_5)
FNDA:2,(anonymous_6)
FNDA:2,(anonymous_7)
FNDA:2,(anonymous_8)
FNDA:1,(anonymous_9)
FNDA:1,(anonymous_10)
DA:3,1
DA:4,16
DA:6,1
DA:8,1
DA:10,1
DA:12,1
DA:15,1
DA:18,1
DA:19,1
DA:20,1
DA:21,1
DA:22,2
DA:23,2
DA:26,2
DA:27,2
DA:28,2
DA:30,2
DA:32,1
DA:33,2
DA:35,1
DA:36,1
DA:38,1
DA:47,1
DA:48,1
DA:49,1
DA:50,1
DA:51,1
DA:53,1
DA:61,1
DA:69,1
DA:77,1
LF:31
LH:31
BRDA:33,0,0,2
BRDA:33,0,1,2
BRF:2
BRH:2
end_of_record
