TN:
SF:C:\Users\Jose David\Desktop\programacion\PLATZI\advancedNode\platziverse\platziverse-db\index.js
FN:8,(anonymous_0)
FNF:1
FNH:1
FNDA:3,(anonymous_0)
DA:3,3
DA:4,3
DA:5,3
DA:6,3
DA:8,3
DA:9,3
DA:21,3
DA:22,3
DA:23,3
DA:25,3
DA:26,3
DA:28,3
DA:30,3
DA:31,0
DA:34,3
DA:35,3
DA:37,3
LF:17
LH:16
BRDA:30,0,0,0
BRDA:30,0,1,3
BRF:2
BRH:1
end_of_record
TN:
SF:C:\Users\Jose David\Desktop\programacion\PLATZI\advancedNode\platziverse\platziverse-db\lib\db.js
FN:7,setupDatabase
FNF:1
FNH:1
FNDA:3,setupDatabase
DA:4,1
DA:5,1
DA:7,1
DA:8,3
DA:9,1
DA:11,3
LF:6
LH:6
BRDA:8,0,0,1
BRDA:8,0,1,2
BRF:2
BRH:2
end_of_record
TN:
SF:C:\Users\Jose David\Desktop\programacion\PLATZI\advancedNode\platziverse\platziverse-db\models\agent.js
FN:6,setupAgentModel
FNF:1
FNH:0
FNDA:0,setupAgentModel
DA:3,1
DA:4,1
DA:6,1
DA:7,0
DA:9,0
LF:5
LH:3
BRF:0
BRH:0
end_of_record
TN:
SF:C:\Users\Jose David\Desktop\programacion\PLATZI\advancedNode\platziverse\platziverse-db\models\metric.js
FN:6,setupMetricModel
FNF:1
FNH:0
FNDA:0,setupMetricModel
DA:3,1
DA:4,1
DA:6,1
DA:7,0
DA:9,0
LF:5
LH:3
BRF:0
BRH:0
end_of_record
TN:
SF:C:\Users\Jose David\Desktop\programacion\PLATZI\advancedNode\platziverse\platziverse-db\tests\agent-tests.js
FN:4,(anonymous_0)
FN:4,PowerAssertRecorder
FN:4,_capt
FN:4,_expr
FN:15,(anonymous_4)
FN:25,(anonymous_5)
FN:31,(anonymous_6)
FN:32,(anonymous_7)
FN:36,(anonymous_8)
FN:39,(anonymous_9)
FN:51,(anonymous_10)
FN:90,(anonymous_11)
FNF:12
FNH:12
FNDA:1,(anonymous_0)
FNDA:5,PowerAssertRecorder
FNDA:16,_capt
FNDA:5,_expr
FNDA:3,(anonymous_4)
FNDA:3,(anonymous_5)
FNDA:3,(anonymous_6)
FNDA:3,(anonymous_7)
FNDA:2,(anonymous_8)
FNDA:1,(anonymous_9)
FNDA:1,(anonymous_10)
FNDA:1,(anonymous_11)
DA:3,1
DA:4,16
DA:6,1
DA:8,1
DA:10,1
DA:12,1
DA:14,1
DA:17,1
DA:20,1
DA:21,1
DA:22,1
DA:23,1
DA:24,1
DA:25,1
DA:26,3
DA:27,3
DA:30,3
DA:31,3
DA:32,3
DA:34,3
DA:36,1
DA:37,2
DA:39,1
DA:40,1
DA:42,1
DA:51,1
DA:52,1
DA:53,1
DA:54,1
DA:55,1
DA:57,1
DA:65,1
DA:73,1
DA:81,1
DA:90,1
DA:91,1
DA:92,0
LF:37
LH:36
BRDA:37,0,0,2
BRDA:37,0,1,2
BRF:2
BRH:2
end_of_record
TN:
SF:C:\Users\Jose David\Desktop\programacion\PLATZI\advancedNode\platziverse\platziverse-db\tests\fixtures\agent.js
FN:23,extend
FN:30,(anonymous_1)
FN:31,(anonymous_2)
FN:32,(anonymous_3)
FN:32,(anonymous_4)
FN:33,(anonymous_5)
FN:33,(anonymous_6)
FNF:7
FNH:3
FNDA:3,extend
FNDA:4,(anonymous_1)
FNDA:4,(anonymous_2)
FNDA:0,(anonymous_3)
FNDA:0,(anonymous_4)
FNDA:0,(anonymous_5)
FNDA:0,(anonymous_6)
DA:3,1
DA:15,1
DA:24,3
DA:25,3
DA:27,1
DA:30,4
DA:31,4
DA:32,0
DA:33,0
LF:9
LH:7
BRF:0
BRH:0
end_of_record
